<?xml version="1.0" encoding="UTF-8"?>
<!-- Generated by org.testng.reporters.JUnitReportReporter -->
<testsuite hostname="Akash-PC" name="com.qa.testcases.ShoppingCartPageTest" tests="1" failures="0" timestamp="29 Jun 2020 13:05:25 GMT" time="19.725" errors="0">
  <testcase name="VerifyTitleAndPrice" time="19.725" classname="com.qa.testcases.ShoppingCartPageTest"/>
</testsuite> <!-- com.qa.testcases.ShoppingCartPageTest -->
