<?xml version="1.0" encoding="UTF-8"?>
<!-- Generated by org.testng.reporters.JUnitReportReporter -->
<testsuite hostname="Akash-PC" name="com.qa.testcases.ShoppingCartPageTest" tests="1" failures="0" timestamp="1 Jul 2020 05:36:39 GMT" time="36.119" errors="0">
  <testcase name="VerifyTitleAndPrice" time="36.119" classname="com.qa.testcases.ShoppingCartPageTest"/>
</testsuite> <!-- com.qa.testcases.ShoppingCartPageTest -->
