<?xml version="1.0" encoding="UTF-8"?>
<!-- Generated by org.testng.reporters.JUnitReportReporter -->
<testsuite hostname="Akash-PC" name="com.qa.testcases.ShoppingCartPageTest" tests="1" failures="0" timestamp="1 Jul 2020 04:12:48 GMT" time="37.366" errors="0">
  <testcase name="VerifyTitleAndPrice" time="37.366" classname="com.qa.testcases.ShoppingCartPageTest"/>
</testsuite> <!-- com.qa.testcases.ShoppingCartPageTest -->
