<?xml version="1.0" encoding="UTF-8"?>
<!-- Generated by org.testng.reporters.JUnitReportReporter -->
<testsuite hostname="Akash-PC" name="com.qa.testcases.ShoppingCartPageTest" tests="1" failures="0" timestamp="30 Jun 2020 05:23:22 GMT" time="41.316" errors="0">
  <testcase name="VerifyTitleAndPrice" time="41.316" classname="com.qa.testcases.ShoppingCartPageTest"/>
</testsuite> <!-- com.qa.testcases.ShoppingCartPageTest -->
